<?xml version="1.0" encoding="UTF-8"?>
<!-- Generated by org.testng.reporters.JUnitReportReporter -->
<testsuite hostname="LAPTOP-94T71VHN" failures="0" tests="1" name="Module1_Login_Test.TC1_SwagLabLogin_Test" time="6.949" errors="0" timestamp="2023-11-27T21:25:37 IST" skipped="0">
  <testcase classname="Module1_Login_Test.TC1_SwagLabLogin_Test" name="verifyTitle" time="6.949"/>
</testsuite> <!-- Module1_Login_Test.TC1_SwagLabLogin_Test -->
